2023-07-01T00:09:12.285+03:00  INFO 3037 --- [restartedMain] com.oguzhantuncer.todo.TodoApplication   : Starting TodoApplication using Java 17.0.5 with PID 3037 (/Users/oguzhantuncer/git/todo-app/target/classes started by oguzhantuncer in /Users/oguzhantuncer/git/todo-app)
2023-07-01T00:09:12.289+03:00  INFO 3037 --- [restartedMain] com.oguzhantuncer.todo.TodoApplication   : No active profile set, falling back to 1 default profile: "default"
2023-07-01T00:09:12.351+03:00  INFO 3037 --- [restartedMain] .e.DevToolsPropertyDefaultsPostProcessor : Devtools property defaults active! Set 'spring.devtools.add-properties' to 'false' to disable
2023-07-01T00:09:12.352+03:00  INFO 3037 --- [restartedMain] .e.DevToolsPropertyDefaultsPostProcessor : For additional web related logging consider setting the 'logging.level.web' property to 'DEBUG'
2023-07-01T00:09:13.239+03:00  INFO 3037 --- [restartedMain] .s.d.r.c.RepositoryConfigurationDelegate : Bootstrapping Spring Data JPA repositories in DEFAULT mode.
2023-07-01T00:09:13.317+03:00  INFO 3037 --- [restartedMain] .s.d.r.c.RepositoryConfigurationDelegate : Finished Spring Data repository scanning in 66 ms. Found 1 JPA repository interfaces.
2023-07-01T00:09:14.002+03:00  INFO 3037 --- [restartedMain] o.s.b.w.embedded.tomcat.TomcatWebServer  : Tomcat initialized with port(s): 8080 (http)
2023-07-01T00:09:14.015+03:00  INFO 3037 --- [restartedMain] o.apache.catalina.core.StandardService   : Starting service [Tomcat]
2023-07-01T00:09:14.016+03:00  INFO 3037 --- [restartedMain] o.apache.catalina.core.StandardEngine    : Starting Servlet engine: [Apache Tomcat/10.1.10]
2023-07-01T00:09:14.081+03:00  INFO 3037 --- [restartedMain] o.a.c.c.C.[Tomcat].[localhost].[/]       : Initializing Spring embedded WebApplicationContext
2023-07-01T00:09:14.081+03:00  INFO 3037 --- [restartedMain] w.s.c.ServletWebServerApplicationContext : Root WebApplicationContext: initialization completed in 1728 ms
2023-07-01T00:09:14.118+03:00  INFO 3037 --- [restartedMain] com.zaxxer.hikari.HikariDataSource       : HikariPool-1 - Starting...
2023-07-01T00:09:14.477+03:00  INFO 3037 --- [restartedMain] com.zaxxer.hikari.pool.HikariPool        : HikariPool-1 - Added connection com.mysql.cj.jdbc.ConnectionImpl@4308d2d2
2023-07-01T00:09:14.479+03:00  INFO 3037 --- [restartedMain] com.zaxxer.hikari.HikariDataSource       : HikariPool-1 - Start completed.
2023-07-01T00:09:14.488+03:00  INFO 3037 --- [restartedMain] o.s.b.a.h2.H2ConsoleAutoConfiguration    : H2 console available at '/h2-console'. Database available at 'jdbc:mysql://localhost:3306/todo'
2023-07-01T00:09:14.633+03:00  INFO 3037 --- [restartedMain] o.hibernate.jpa.internal.util.LogHelper  : HHH000204: Processing PersistenceUnitInfo [name: default]
2023-07-01T00:09:14.726+03:00  INFO 3037 --- [restartedMain] org.hibernate.Version                    : HHH000412: Hibernate ORM core version 6.2.5.Final
2023-07-01T00:09:14.731+03:00  INFO 3037 --- [restartedMain] org.hibernate.cfg.Environment            : HHH000406: Using bytecode reflection optimizer
2023-07-01T00:09:14.931+03:00  INFO 3037 --- [restartedMain] o.h.b.i.BytecodeProviderInitiator        : HHH000021: Bytecode provider name : bytebuddy
2023-07-01T00:09:15.119+03:00  INFO 3037 --- [restartedMain] o.s.o.j.p.SpringPersistenceUnitInfo      : No LoadTimeWeaver setup: ignoring JPA class transformer
2023-07-01T00:09:15.436+03:00  INFO 3037 --- [restartedMain] o.h.b.i.BytecodeProviderInitiator        : HHH000021: Bytecode provider name : bytebuddy
2023-07-01T00:09:16.205+03:00  INFO 3037 --- [restartedMain] o.h.e.t.j.p.i.JtaPlatformInitiator       : HHH000490: Using JtaPlatform implementation: [org.hibernate.engine.transaction.jta.platform.internal.NoJtaPlatform]
2023-07-01T00:09:16.295+03:00  INFO 3037 --- [restartedMain] j.LocalContainerEntityManagerFactoryBean : Initialized JPA EntityManagerFactory for persistence unit 'default'
2023-07-01T00:09:16.862+03:00  WARN 3037 --- [restartedMain] JpaBaseConfiguration$JpaWebConfiguration : spring.jpa.open-in-view is enabled by default. Therefore, database queries may be performed during view rendering. Explicitly configure spring.jpa.open-in-view to disable this warning
2023-07-01T00:09:17.588+03:00  INFO 3037 --- [restartedMain] o.s.b.d.a.OptionalLiveReloadServer       : LiveReload server is running on port 35729
2023-07-01T00:09:17.626+03:00  INFO 3037 --- [restartedMain] o.s.b.w.embedded.tomcat.TomcatWebServer  : Tomcat started on port(s): 8080 (http) with context path ''
2023-07-01T00:09:17.636+03:00  INFO 3037 --- [restartedMain] com.oguzhantuncer.todo.TodoApplication   : Started TodoApplication in 5.96 seconds (process running for 6.648)
2023-07-01T00:10:10.450+03:00  INFO 3037 --- [http-nio-8080-exec-1] o.a.c.c.C.[Tomcat].[localhost].[/]       : Initializing Spring DispatcherServlet 'dispatcherServlet'
2023-07-01T00:10:10.450+03:00  INFO 3037 --- [http-nio-8080-exec-1] o.s.web.servlet.DispatcherServlet        : Initializing Servlet 'dispatcherServlet'
2023-07-01T00:10:10.455+03:00  INFO 3037 --- [http-nio-8080-exec-1] o.s.web.servlet.DispatcherServlet        : Completed initialization in 4 ms
2023-07-01T00:10:10.565+03:00  INFO 3037 --- [http-nio-8080-exec-1] c.o.todo.service.TodoService             : TodoService.findAll() triggered
2023-07-01T00:10:10.948+03:00  INFO 3037 --- [http-nio-8080-exec-2] c.o.todo.service.TodoService             : TodoService.findAll() triggered
2023-07-01T00:10:27.944+03:00  INFO 3037 --- [http-nio-8080-exec-3] c.o.todo.service.TodoService             : TodoService.findAll() triggered
2023-07-01T00:10:27.966+03:00  INFO 3037 --- [http-nio-8080-exec-4] c.o.todo.service.TodoService             : TodoService.findAll() triggered
2023-07-01T00:10:39.932+03:00  WARN 3037 --- [http-nio-8080-exec-2] o.s.core.utils.PropertyResolverUtils     : Could not resolve placeholder 'Spring.application.name' in value "${Spring.application.name}"
2023-07-01T00:10:40.309+03:00  INFO 3037 --- [http-nio-8080-exec-2] o.springdoc.api.AbstractOpenApiResource  : Init duration for springdoc-openapi is: 422 ms
2023-07-01T00:12:43.960+03:00  INFO 3037 --- [http-nio-8080-exec-9] c.o.todo.service.TodoService             : TodoSevice.save() triggered for this request: TodoRequest(name=null, status=NOT_COMPLETED)
2023-07-01T00:12:44.023+03:00  INFO 3037 --- [http-nio-8080-exec-9] c.o.todo.service.TodoService             : TodoService.save() is completed. Persisted todo is Todo(id=null, status=NOT_COMPLETED, name=null)
2023-07-01T00:13:00.427+03:00  INFO 3037 --- [http-nio-8080-exec-7] c.o.todo.service.TodoService             : TodoSevice.save() triggered for this request: TodoRequest(name=java öğrenilecek, status=NOT_COMPLETED)
2023-07-01T00:13:00.453+03:00  INFO 3037 --- [http-nio-8080-exec-7] c.o.todo.service.TodoService             : TodoService.save() is completed. Persisted todo is Todo(id=null, status=NOT_COMPLETED, name=java öğrenilecek)
2023-07-01T00:13:21.777+03:00  INFO 3037 --- [http-nio-8080-exec-1] c.o.todo.service.TodoService             : TodoService.findAll() triggered
2023-07-01T00:13:52.893+03:00  INFO 3037 --- [http-nio-8080-exec-2] c.o.todo.service.TodoService             : TodoService.update() triggered for this id: 552 and request: TodoRequest(name=null, status=COMPLETED)
2023-07-01T00:13:52.914+03:00  INFO 3037 --- [http-nio-8080-exec-2] c.o.todo.service.TodoService             : TodoService.update() is completed. Updated todo is TodoRequest(name=null, status=COMPLETED)
2023-07-01T00:14:57.830+03:00  INFO 3037 --- [http-nio-8080-exec-6] c.o.todo.service.TodoService             : TodoService.update() triggered for this id: 552 and request: TodoRequest(name=null, status=COMPLETED)
2023-07-01T00:14:57.844+03:00  INFO 3037 --- [http-nio-8080-exec-6] c.o.todo.service.TodoService             : TodoService.update() is completed. Updated todo is TodoRequest(name=null, status=COMPLETED)
2023-07-01T00:15:02.714+03:00  INFO 3037 --- [http-nio-8080-exec-3] c.o.todo.service.TodoService             : TodoService.update() triggered for this id: 552 and request: TodoRequest(name=null, status=COMPLETED)
2023-07-01T00:15:02.730+03:00  INFO 3037 --- [http-nio-8080-exec-3] c.o.todo.service.TodoService             : TodoService.update() is completed. Updated todo is TodoRequest(name=null, status=COMPLETED)
2023-07-01T00:15:20.041+03:00  INFO 3037 --- [http-nio-8080-exec-10] c.o.todo.service.TodoService             : TodoService.findAll() triggered
2023-07-01T00:16:04.837+03:00  INFO 3037 --- [http-nio-8080-exec-8] c.o.todo.service.TodoService             : TodoService.findAllCompleted() triggered
2023-07-01T00:16:16.787+03:00  INFO 3037 --- [http-nio-8080-exec-9] c.o.todo.service.TodoService             : TodoService.findAllNotCompleted() triggered
2023-07-01T00:16:42.070+03:00  INFO 3037 --- [http-nio-8080-exec-7] c.o.todo.service.TodoService             : TodoService.delete() triggered for this id: 403
2023-07-01T00:17:01.664+03:00  INFO 3037 --- [http-nio-8080-exec-1] c.o.todo.service.TodoService             : TodoService.deleteAll() triggered
2023-07-01T00:17:08.308+03:00  INFO 3037 --- [http-nio-8080-exec-2] c.o.todo.service.TodoService             : TodoService.findAll() triggered
2023-07-01T00:17:56.113+03:00  INFO 3037 --- [http-nio-8080-exec-5] c.o.todo.service.TodoService             : TodoService.findAll() triggered
2023-07-01T00:17:56.148+03:00  INFO 3037 --- [http-nio-8080-exec-4] c.o.todo.service.TodoService             : TodoService.findAll() triggered
2023-07-01T00:18:07.376+03:00  INFO 3037 --- [http-nio-8080-exec-6] c.o.todo.service.TodoService             : TodoSevice.save() triggered for this request: TodoRequest(name=java öğrenilecek, status=null)
2023-07-01T00:18:07.383+03:00  INFO 3037 --- [http-nio-8080-exec-6] c.o.todo.service.TodoService             : TodoService.save() is completed. Persisted todo is Todo(id=null, status=NOT_COMPLETED, name=java öğrenilecek)
2023-07-01T00:18:07.401+03:00  INFO 3037 --- [http-nio-8080-exec-3] c.o.todo.service.TodoService             : TodoService.findAll() triggered
2023-07-01T00:18:21.045+03:00  INFO 3037 --- [http-nio-8080-exec-8] c.o.todo.service.TodoService             : TodoSevice.save() triggered for this request: TodoRequest(name=css öğrenilecek, status=null)
2023-07-01T00:18:21.055+03:00  INFO 3037 --- [http-nio-8080-exec-8] c.o.todo.service.TodoService             : TodoService.save() is completed. Persisted todo is Todo(id=null, status=NOT_COMPLETED, name=css öğrenilecek)
2023-07-01T00:18:21.087+03:00  INFO 3037 --- [http-nio-8080-exec-9] c.o.todo.service.TodoService             : TodoService.findAll() triggered
2023-07-01T00:18:33.421+03:00  INFO 3037 --- [http-nio-8080-exec-7] c.o.todo.service.TodoService             : TodoSevice.save() triggered for this request: TodoRequest(name=html öğrenilecek, status=null)
2023-07-01T00:18:33.428+03:00  INFO 3037 --- [http-nio-8080-exec-7] c.o.todo.service.TodoService             : TodoService.save() is completed. Persisted todo is Todo(id=null, status=NOT_COMPLETED, name=html öğrenilecek)
2023-07-01T00:18:33.448+03:00  INFO 3037 --- [http-nio-8080-exec-1] c.o.todo.service.TodoService             : TodoService.findAll() triggered
2023-07-01T00:18:43.056+03:00  INFO 3037 --- [http-nio-8080-exec-2] c.o.todo.service.TodoService             : TodoSevice.save() triggered for this request: TodoRequest(name=jquery öğrenilecek, status=null)
2023-07-01T00:18:43.063+03:00  INFO 3037 --- [http-nio-8080-exec-2] c.o.todo.service.TodoService             : TodoService.save() is completed. Persisted todo is Todo(id=null, status=NOT_COMPLETED, name=jquery öğrenilecek)
2023-07-01T00:18:43.081+03:00  INFO 3037 --- [http-nio-8080-exec-5] c.o.todo.service.TodoService             : TodoService.findAll() triggered
2023-07-01T00:18:47.428+03:00  INFO 3037 --- [http-nio-8080-exec-4] c.o.todo.service.TodoService             : TodoService.findAll() triggered
2023-07-01T00:18:48.183+03:00  INFO 3037 --- [http-nio-8080-exec-6] c.o.todo.service.TodoService             : TodoService.findAllCompleted() triggered
2023-07-01T00:18:49.398+03:00  INFO 3037 --- [http-nio-8080-exec-3] c.o.todo.service.TodoService             : TodoService.findAllNotCompleted() triggered
2023-07-01T00:18:50.743+03:00  INFO 3037 --- [http-nio-8080-exec-10] c.o.todo.service.TodoService             : TodoService.findAllNotCompleted() triggered
2023-07-01T00:18:55.418+03:00  INFO 3037 --- [http-nio-8080-exec-8] c.o.todo.service.TodoService             : TodoService.update() triggered for this id: 554 and request: TodoRequest(name=java öğrenilecek, status=COMPLETED)
2023-07-01T00:18:55.430+03:00  INFO 3037 --- [http-nio-8080-exec-8] c.o.todo.service.TodoService             : TodoService.update() is completed. Updated todo is TodoRequest(name=java öğrenilecek, status=COMPLETED)
2023-07-01T00:19:01.259+03:00  INFO 3037 --- [http-nio-8080-exec-9] c.o.todo.service.TodoService             : TodoService.update() triggered for this id: 554 and request: TodoRequest(name=java öğrenilecek, status=NOT_COMPLETED)
2023-07-01T00:19:01.270+03:00  INFO 3037 --- [http-nio-8080-exec-9] c.o.todo.service.TodoService             : TodoService.update() is completed. Updated todo is TodoRequest(name=java öğrenilecek, status=NOT_COMPLETED)
2023-07-01T00:19:11.124+03:00  INFO 3037 --- [http-nio-8080-exec-1] c.o.todo.service.TodoService             : TodoService.findAll() triggered
2023-07-01T00:19:22.019+03:00  INFO 3037 --- [http-nio-8080-exec-2] c.o.todo.service.TodoService             : TodoService.update() triggered for this id: 554 and request: TodoRequest(name=java öğrenilecek, status=COMPLETED)
2023-07-01T00:19:22.028+03:00  INFO 3037 --- [http-nio-8080-exec-2] c.o.todo.service.TodoService             : TodoService.update() is completed. Updated todo is TodoRequest(name=java öğrenilecek, status=COMPLETED)
2023-07-01T00:19:28.114+03:00  INFO 3037 --- [http-nio-8080-exec-5] c.o.todo.service.TodoService             : TodoService.findAll() triggered
2023-07-01T00:19:48.536+03:00  INFO 3037 --- [http-nio-8080-exec-4] c.o.todo.service.TodoService             : TodoService.update() triggered for this id: 554 and request: TodoRequest(name=java öğrenildi, status=COMPLETED)
2023-07-01T00:19:48.547+03:00  INFO 3037 --- [http-nio-8080-exec-4] c.o.todo.service.TodoService             : TodoService.update() is completed. Updated todo is TodoRequest(name=java öğrenildi, status=COMPLETED)
2023-07-01T00:19:52.291+03:00  INFO 3037 --- [http-nio-8080-exec-6] c.o.todo.service.TodoService             : TodoService.findAll() triggered
2023-07-01T00:19:56.443+03:00  INFO 3037 --- [http-nio-8080-exec-3] c.o.todo.service.TodoService             : TodoService.delete() triggered for this id: 554
2023-07-01T00:19:56.908+03:00  INFO 3037 --- [http-nio-8080-exec-10] c.o.todo.service.TodoService             : TodoService.findAll() triggered
2023-07-01T00:19:56.928+03:00  INFO 3037 --- [http-nio-8080-exec-8] c.o.todo.service.TodoService             : TodoService.findAll() triggered
2023-07-01T00:20:00.034+03:00  INFO 3037 --- [http-nio-8080-exec-9] c.o.todo.service.TodoService             : TodoService.findAll() triggered
2023-07-01T00:20:04.670+03:00  INFO 3037 --- [http-nio-8080-exec-7] c.o.todo.service.TodoService             : TodoService.update() triggered for this id: 555 and request: TodoRequest(name=css öğrenilecek, status=COMPLETED)
2023-07-01T00:20:04.681+03:00  INFO 3037 --- [http-nio-8080-exec-7] c.o.todo.service.TodoService             : TodoService.update() is completed. Updated todo is TodoRequest(name=css öğrenilecek, status=COMPLETED)
2023-07-01T00:20:05.628+03:00  INFO 3037 --- [http-nio-8080-exec-1] c.o.todo.service.TodoService             : TodoService.update() triggered for this id: 556 and request: TodoRequest(name=html öğrenilecek, status=COMPLETED)
2023-07-01T00:20:05.637+03:00  INFO 3037 --- [http-nio-8080-exec-1] c.o.todo.service.TodoService             : TodoService.update() is completed. Updated todo is TodoRequest(name=html öğrenilecek, status=COMPLETED)
2023-07-01T00:20:07.125+03:00  INFO 3037 --- [http-nio-8080-exec-2] c.o.todo.service.TodoService             : TodoService.deleteAllCompleted() triggered
2023-07-01T00:20:07.145+03:00  INFO 3037 --- [http-nio-8080-exec-5] c.o.todo.service.TodoService             : TodoService.findAll() triggered
2023-07-01T00:20:09.930+03:00  INFO 3037 --- [http-nio-8080-exec-4] c.o.todo.service.TodoService             : TodoService.findAll() triggered
2023-07-01T00:20:21.775+03:00  INFO 3037 --- [http-nio-8080-exec-6] c.o.todo.service.TodoService             : TodoService.deleteAll() triggered
2023-07-01T00:20:21.796+03:00  INFO 3037 --- [http-nio-8080-exec-3] c.o.todo.service.TodoService             : TodoService.findAll() triggered
2023-07-01T00:51:36.582+03:00  WARN 3037 --- [HikariPool-1 housekeeper] com.zaxxer.hikari.pool.HikariPool        : HikariPool-1 - Thread starvation or clock leap detected (housekeeper delta=15m52s4ms).
2023-07-01T01:07:56.929+03:00  WARN 3037 --- [HikariPool-1 housekeeper] com.zaxxer.hikari.pool.HikariPool        : HikariPool-1 - Thread starvation or clock leap detected (housekeeper delta=15m50s338ms).
2023-07-01T01:28:51.121+03:00  WARN 3037 --- [HikariPool-1 housekeeper] com.zaxxer.hikari.pool.HikariPool        : HikariPool-1 - Thread starvation or clock leap detected (housekeeper delta=20m24s188ms).
2023-07-01T01:55:43.955+03:00  WARN 3037 --- [HikariPool-1 housekeeper] com.zaxxer.hikari.pool.HikariPool        : HikariPool-1 - Thread starvation or clock leap detected (housekeeper delta=26m52s834ms).
2023-07-01T02:18:45.736+03:00  INFO 3037 --- [http-nio-8080-exec-8] c.o.todo.service.TodoService             : TodoService.findAll() triggered
2023-07-01T02:18:45.774+03:00  INFO 3037 --- [http-nio-8080-exec-9] c.o.todo.service.TodoService             : TodoService.findAll() triggered
2023-07-01T02:18:51.696+03:00  WARN 3037 --- [HikariPool-1 housekeeper] com.zaxxer.hikari.pool.HikariPool        : HikariPool-1 - Thread starvation or clock leap detected (housekeeper delta=22m37s733ms).
2023-07-01T02:18:57.435+03:00  INFO 3037 --- [http-nio-8080-exec-7] c.o.todo.service.TodoService             : TodoSevice.save() triggered for this request: TodoRequest(name=java çalış, status=null)
2023-07-01T02:18:57.443+03:00  INFO 3037 --- [http-nio-8080-exec-7] c.o.todo.service.TodoService             : TodoService.save() is completed. Persisted todo is Todo(id=null, status=NOT_COMPLETED, name=java çalış)
2023-07-01T02:18:57.464+03:00  INFO 3037 --- [http-nio-8080-exec-1] c.o.todo.service.TodoService             : TodoService.findAll() triggered
2023-07-01T03:13:17.644+03:00  INFO 3037 --- [http-nio-8080-exec-2] c.o.todo.service.TodoService             : TodoService.findAll() triggered
2023-07-01T03:13:17.696+03:00  INFO 3037 --- [http-nio-8080-exec-5] c.o.todo.service.TodoService             : TodoService.findAll() triggered
2023-07-01T03:17:57.874+03:00  INFO 3037 --- [http-nio-8080-exec-4] c.o.todo.service.TodoService             : TodoService.findAll() triggered
2023-07-01T03:18:02.494+03:00  INFO 3037 --- [http-nio-8080-exec-6] c.o.todo.service.TodoService             : TodoService.findAll() triggered
2023-07-01T03:18:02.524+03:00  INFO 3037 --- [http-nio-8080-exec-3] c.o.todo.service.TodoService             : TodoService.findAll() triggered
2023-07-01T03:18:16.945+03:00  INFO 3037 --- [http-nio-8080-exec-10] c.o.todo.service.TodoService             : TodoService.findAll() triggered
2023-07-01T03:18:20.806+03:00  INFO 3037 --- [http-nio-8080-exec-8] c.o.todo.service.TodoService             : TodoService.findAll() triggered
2023-07-01T03:18:20.835+03:00  INFO 3037 --- [http-nio-8080-exec-9] c.o.todo.service.TodoService             : TodoService.findAll() triggered
2023-07-01T03:18:38.261+03:00  INFO 3037 --- [http-nio-8080-exec-7] c.o.todo.service.TodoService             : TodoService.findAll() triggered
2023-07-01T03:18:38.302+03:00  INFO 3037 --- [http-nio-8080-exec-1] c.o.todo.service.TodoService             : TodoService.findAll() triggered
2023-07-01T03:19:28.200+03:00  INFO 3037 --- [http-nio-8080-exec-2] c.o.todo.service.TodoService             : TodoService.findAll() triggered
2023-07-01T03:19:28.221+03:00  INFO 3037 --- [http-nio-8080-exec-5] c.o.todo.service.TodoService             : TodoService.findAll() triggered
2023-07-01T03:19:30.042+03:00  INFO 3037 --- [http-nio-8080-exec-4] c.o.todo.service.TodoService             : TodoService.findAll() triggered
2023-07-01T03:19:30.071+03:00  INFO 3037 --- [http-nio-8080-exec-6] c.o.todo.service.TodoService             : TodoService.findAll() triggered
2023-07-01T03:21:48.872+03:00  INFO 3037 --- [http-nio-8080-exec-3] c.o.todo.service.TodoService             : TodoService.findAll() triggered
2023-07-01T03:21:54.726+03:00  INFO 3037 --- [http-nio-8080-exec-10] c.o.todo.service.TodoService             : TodoService.findAll() triggered
2023-07-01T03:21:54.744+03:00  INFO 3037 --- [http-nio-8080-exec-8] c.o.todo.service.TodoService             : TodoService.findAll() triggered
2023-07-01T03:22:05.869+03:00  INFO 3037 --- [http-nio-8080-exec-9] c.o.todo.service.TodoService             : TodoService.findAll() triggered
2023-07-01T03:22:10.215+03:00  INFO 3037 --- [http-nio-8080-exec-7] c.o.todo.service.TodoService             : TodoService.findAll() triggered
2023-07-01T03:22:10.250+03:00  INFO 3037 --- [http-nio-8080-exec-1] c.o.todo.service.TodoService             : TodoService.findAll() triggered
2023-07-01T03:22:16.049+03:00  INFO 3037 --- [http-nio-8080-exec-2] c.o.todo.service.TodoService             : TodoService.findAll() triggered
2023-07-01T03:22:19.010+03:00  INFO 3037 --- [http-nio-8080-exec-5] c.o.todo.service.TodoService             : TodoService.findAll() triggered
2023-07-01T03:22:19.040+03:00  INFO 3037 --- [http-nio-8080-exec-4] c.o.todo.service.TodoService             : TodoService.findAll() triggered
2023-07-01T03:22:22.564+03:00  INFO 3037 --- [http-nio-8080-exec-6] c.o.todo.service.TodoService             : TodoService.findAll() triggered
2023-07-01T03:22:50.395+03:00  INFO 3037 --- [http-nio-8080-exec-3] c.o.todo.service.TodoService             : TodoService.findAll() triggered
2023-07-01T03:23:30.129+03:00  INFO 3037 --- [http-nio-8080-exec-10] c.o.todo.service.TodoService             : TodoService.findAll() triggered
2023-07-01T03:23:34.021+03:00  INFO 3037 --- [http-nio-8080-exec-8] c.o.todo.service.TodoService             : TodoService.findAll() triggered
2023-07-01T03:23:34.039+03:00  INFO 3037 --- [http-nio-8080-exec-9] c.o.todo.service.TodoService             : TodoService.findAll() triggered
2023-07-01T03:23:53.341+03:00  INFO 3037 --- [http-nio-8080-exec-7] c.o.todo.service.TodoService             : TodoService.findAll() triggered
2023-07-01T03:24:01.379+03:00  INFO 3037 --- [http-nio-8080-exec-1] c.o.todo.service.TodoService             : TodoService.findAll() triggered
2023-07-01T03:24:22.109+03:00  INFO 3037 --- [http-nio-8080-exec-2] c.o.todo.service.TodoService             : TodoSevice.save() triggered for this request: TodoRequest(name=react çalış, status=null)
2023-07-01T03:24:22.118+03:00  INFO 3037 --- [http-nio-8080-exec-2] c.o.todo.service.TodoService             : TodoService.save() is completed. Persisted todo is Todo(id=null, status=NOT_COMPLETED, name=react çalış)
2023-07-01T03:24:22.145+03:00  INFO 3037 --- [http-nio-8080-exec-5] c.o.todo.service.TodoService             : TodoService.findAll() triggered
2023-07-01T03:24:37.564+03:00  INFO 3037 --- [http-nio-8080-exec-4] c.o.todo.service.TodoService             : TodoSevice.save() triggered for this request: TodoRequest(name=html çalış, status=null)
2023-07-01T03:24:37.570+03:00  INFO 3037 --- [http-nio-8080-exec-4] c.o.todo.service.TodoService             : TodoService.save() is completed. Persisted todo is Todo(id=null, status=NOT_COMPLETED, name=html çalış)
2023-07-01T03:24:37.588+03:00  INFO 3037 --- [http-nio-8080-exec-6] c.o.todo.service.TodoService             : TodoService.findAll() triggered
2023-07-01T03:24:44.183+03:00  INFO 3037 --- [http-nio-8080-exec-3] c.o.todo.service.TodoService             : TodoSevice.save() triggered for this request: TodoRequest(name=css çalış, status=null)
2023-07-01T03:24:44.188+03:00  INFO 3037 --- [http-nio-8080-exec-3] c.o.todo.service.TodoService             : TodoService.save() is completed. Persisted todo is Todo(id=null, status=NOT_COMPLETED, name=css çalış)
2023-07-01T03:24:44.209+03:00  INFO 3037 --- [http-nio-8080-exec-10] c.o.todo.service.TodoService             : TodoService.findAll() triggered
2023-07-01T03:25:54.886+03:00  INFO 3037 --- [http-nio-8080-exec-8] c.o.todo.service.TodoService             : TodoService.findAll() triggered
2023-07-01T03:26:00.501+03:00  INFO 3037 --- [http-nio-8080-exec-9] c.o.todo.service.TodoService             : TodoService.findAll() triggered
2023-07-01T03:26:00.519+03:00  INFO 3037 --- [http-nio-8080-exec-7] c.o.todo.service.TodoService             : TodoService.findAll() triggered
2023-07-01T03:29:15.863+03:00  INFO 3037 --- [http-nio-8080-exec-1] c.o.todo.service.TodoService             : TodoService.findAll() triggered
2023-07-01T03:29:21.516+03:00  INFO 3037 --- [http-nio-8080-exec-2] c.o.todo.service.TodoService             : TodoService.findAll() triggered
2023-07-01T03:29:21.537+03:00  INFO 3037 --- [http-nio-8080-exec-5] c.o.todo.service.TodoService             : TodoService.findAll() triggered
2023-07-01T03:29:38.852+03:00  INFO 3037 --- [http-nio-8080-exec-4] c.o.todo.service.TodoService             : TodoService.findAll() triggered
2023-07-01T03:29:45.468+03:00  INFO 3037 --- [http-nio-8080-exec-6] c.o.todo.service.TodoService             : TodoService.findAll() triggered
2023-07-01T03:29:45.499+03:00  INFO 3037 --- [http-nio-8080-exec-3] c.o.todo.service.TodoService             : TodoService.findAll() triggered
2023-07-01T03:29:51.168+03:00  INFO 3037 --- [http-nio-8080-exec-10] c.o.todo.service.TodoService             : TodoService.findAll() triggered
2023-07-01T03:34:43.229+03:00  INFO 3037 --- [http-nio-8080-exec-8] c.o.todo.service.TodoService             : TodoService.findAll() triggered
2023-07-01T03:34:43.266+03:00  INFO 3037 --- [http-nio-8080-exec-9] c.o.todo.service.TodoService             : TodoService.findAll() triggered
2023-07-01T03:35:31.772+03:00  INFO 3037 --- [http-nio-8080-exec-7] c.o.todo.service.TodoService             : TodoService.findAll() triggered
2023-07-01T03:35:31.804+03:00  INFO 3037 --- [http-nio-8080-exec-1] c.o.todo.service.TodoService             : TodoService.findAll() triggered
2023-07-01T03:36:11.296+03:00  INFO 3037 --- [http-nio-8080-exec-2] c.o.todo.service.TodoService             : TodoService.findAll() triggered
2023-07-01T03:36:11.328+03:00  INFO 3037 --- [http-nio-8080-exec-5] c.o.todo.service.TodoService             : TodoService.findAll() triggered
2023-07-01T03:36:48.284+03:00  INFO 3037 --- [http-nio-8080-exec-4] c.o.todo.service.TodoService             : TodoService.findAll() triggered
2023-07-01T03:36:48.309+03:00  INFO 3037 --- [http-nio-8080-exec-6] c.o.todo.service.TodoService             : TodoService.findAll() triggered
2023-07-01T03:38:01.185+03:00  INFO 3037 --- [http-nio-8080-exec-3] c.o.todo.service.TodoService             : TodoService.findAll() triggered
2023-07-01T03:38:01.205+03:00  INFO 3037 --- [http-nio-8080-exec-10] c.o.todo.service.TodoService             : TodoService.findAll() triggered
2023-07-01T03:38:29.948+03:00  INFO 3037 --- [http-nio-8080-exec-8] c.o.todo.service.TodoService             : TodoService.findAll() triggered
2023-07-01T03:38:29.979+03:00  INFO 3037 --- [http-nio-8080-exec-9] c.o.todo.service.TodoService             : TodoService.findAll() triggered
2023-07-01T03:41:51.898+03:00  INFO 3037 --- [http-nio-8080-exec-7] c.o.todo.service.TodoService             : TodoService.findAll() triggered
2023-07-01T03:41:56.202+03:00  INFO 3037 --- [http-nio-8080-exec-1] c.o.todo.service.TodoService             : TodoService.findAll() triggered
2023-07-01T03:41:56.228+03:00  INFO 3037 --- [http-nio-8080-exec-2] c.o.todo.service.TodoService             : TodoService.findAll() triggered
2023-07-01T03:42:02.665+03:00  INFO 3037 --- [http-nio-8080-exec-5] c.o.todo.service.TodoService             : TodoService.findAll() triggered
2023-07-01T03:47:10.891+03:00  INFO 3037 --- [http-nio-8080-exec-4] c.o.todo.service.TodoService             : TodoService.findAll() triggered
2023-07-01T03:47:10.990+03:00  INFO 3037 --- [http-nio-8080-exec-6] c.o.todo.service.TodoService             : TodoService.findAll() triggered
2023-07-01T03:50:54.641+03:00  INFO 3037 --- [http-nio-8080-exec-3] c.o.todo.service.TodoService             : TodoService.findAll() triggered
2023-07-01T03:50:54.660+03:00  INFO 3037 --- [http-nio-8080-exec-10] c.o.todo.service.TodoService             : TodoService.findAll() triggered
2023-07-01T03:52:20.448+03:00  INFO 3037 --- [http-nio-8080-exec-8] c.o.todo.service.TodoService             : TodoService.update() triggered for this id: 558 and request: TodoRequest(name=java çalış, status=COMPLETED)
2023-07-01T03:52:20.465+03:00  INFO 3037 --- [http-nio-8080-exec-8] c.o.todo.service.TodoService             : TodoService.update() is completed. Updated todo is TodoRequest(name=java çalış, status=COMPLETED)
2023-07-01T03:52:21.661+03:00  INFO 3037 --- [http-nio-8080-exec-9] c.o.todo.service.TodoService             : TodoService.update() triggered for this id: 558 and request: TodoRequest(name=java çalış, status=NOT_COMPLETED)
2023-07-01T03:52:21.671+03:00  INFO 3037 --- [http-nio-8080-exec-9] c.o.todo.service.TodoService             : TodoService.update() is completed. Updated todo is TodoRequest(name=java çalış, status=NOT_COMPLETED)
2023-07-01T03:52:22.183+03:00  INFO 3037 --- [http-nio-8080-exec-7] c.o.todo.service.TodoService             : TodoService.update() triggered for this id: 558 and request: TodoRequest(name=java çalış, status=COMPLETED)
2023-07-01T03:52:22.197+03:00  INFO 3037 --- [http-nio-8080-exec-7] c.o.todo.service.TodoService             : TodoService.update() is completed. Updated todo is TodoRequest(name=java çalış, status=COMPLETED)
2023-07-01T03:52:22.632+03:00  INFO 3037 --- [http-nio-8080-exec-1] c.o.todo.service.TodoService             : TodoService.update() triggered for this id: 558 and request: TodoRequest(name=java çalış, status=NOT_COMPLETED)
2023-07-01T03:52:22.642+03:00  INFO 3037 --- [http-nio-8080-exec-1] c.o.todo.service.TodoService             : TodoService.update() is completed. Updated todo is TodoRequest(name=java çalış, status=NOT_COMPLETED)
2023-07-01T03:52:38.326+03:00  INFO 3037 --- [http-nio-8080-exec-2] c.o.todo.service.TodoService             : TodoService.update() triggered for this id: 558 and request: TodoRequest(name=java çalış, status=COMPLETED)
2023-07-01T03:52:38.334+03:00  INFO 3037 --- [http-nio-8080-exec-2] c.o.todo.service.TodoService             : TodoService.update() is completed. Updated todo is TodoRequest(name=java çalış, status=COMPLETED)
2023-07-01T03:52:39.045+03:00  INFO 3037 --- [http-nio-8080-exec-5] c.o.todo.service.TodoService             : TodoService.update() triggered for this id: 558 and request: TodoRequest(name=java çalış, status=NOT_COMPLETED)
2023-07-01T03:52:39.054+03:00  INFO 3037 --- [http-nio-8080-exec-5] c.o.todo.service.TodoService             : TodoService.update() is completed. Updated todo is TodoRequest(name=java çalış, status=NOT_COMPLETED)
2023-07-01T03:52:40.034+03:00  INFO 3037 --- [http-nio-8080-exec-4] c.o.todo.service.TodoService             : TodoService.update() triggered for this id: 558 and request: TodoRequest(name=java çalış, status=COMPLETED)
2023-07-01T03:52:40.049+03:00  INFO 3037 --- [http-nio-8080-exec-4] c.o.todo.service.TodoService             : TodoService.update() is completed. Updated todo is TodoRequest(name=java çalış, status=COMPLETED)
2023-07-01T03:52:40.950+03:00  INFO 3037 --- [http-nio-8080-exec-6] c.o.todo.service.TodoService             : TodoService.update() triggered for this id: 558 and request: TodoRequest(name=java çalış, status=NOT_COMPLETED)
2023-07-01T03:52:40.960+03:00  INFO 3037 --- [http-nio-8080-exec-6] c.o.todo.service.TodoService             : TodoService.update() is completed. Updated todo is TodoRequest(name=java çalış, status=NOT_COMPLETED)
2023-07-01T03:56:11.678+03:00  INFO 3037 --- [http-nio-8080-exec-3] c.o.todo.service.TodoService             : TodoService.update() triggered for this id: 558 and request: TodoRequest(name=java çalış, status=COMPLETED)
2023-07-01T03:56:11.702+03:00  INFO 3037 --- [http-nio-8080-exec-3] c.o.todo.service.TodoService             : TodoService.update() is completed. Updated todo is TodoRequest(name=java çalış, status=COMPLETED)
2023-07-01T03:57:07.540+03:00  INFO 3037 --- [http-nio-8080-exec-10] c.o.todo.service.TodoService             : TodoService.findAll() triggered
2023-07-01T03:57:07.573+03:00  INFO 3037 --- [http-nio-8080-exec-8] c.o.todo.service.TodoService             : TodoService.findAll() triggered
2023-07-01T03:58:13.557+03:00  INFO 3037 --- [http-nio-8080-exec-9] c.o.todo.service.TodoService             : TodoService.update() triggered for this id: 559 and request: TodoRequest(name=react çalış, status=COMPLETED)
2023-07-01T03:58:13.574+03:00  INFO 3037 --- [http-nio-8080-exec-9] c.o.todo.service.TodoService             : TodoService.update() is completed. Updated todo is TodoRequest(name=react çalış, status=COMPLETED)
2023-07-01T03:58:56.004+03:00  INFO 3037 --- [http-nio-8080-exec-7] c.o.todo.service.TodoService             : TodoService.findAll() triggered
2023-07-01T03:58:59.338+03:00  INFO 3037 --- [http-nio-8080-exec-1] c.o.todo.service.TodoService             : TodoService.findAll() triggered
2023-07-01T03:58:59.365+03:00  INFO 3037 --- [http-nio-8080-exec-2] c.o.todo.service.TodoService             : TodoService.findAll() triggered
2023-07-01T03:59:12.242+03:00  INFO 3037 --- [http-nio-8080-exec-5] c.o.todo.service.TodoService             : TodoService.findAll() triggered
2023-07-01T03:59:12.277+03:00  INFO 3037 --- [http-nio-8080-exec-4] c.o.todo.service.TodoService             : TodoService.findAll() triggered
2023-07-01T04:02:26.271+03:00  INFO 3037 --- [http-nio-8080-exec-6] c.o.todo.service.TodoService             : TodoService.update() triggered for this id: 558 and request: TodoRequest(name=java çalış, status=NOT_COMPLETED)
2023-07-01T04:02:26.283+03:00  INFO 3037 --- [http-nio-8080-exec-6] c.o.todo.service.TodoService             : TodoService.update() is completed. Updated todo is TodoRequest(name=java çalış, status=NOT_COMPLETED)
2023-07-01T04:02:26.805+03:00  INFO 3037 --- [http-nio-8080-exec-3] c.o.todo.service.TodoService             : TodoService.update() triggered for this id: 558 and request: TodoRequest(name=java çalış, status=COMPLETED)
2023-07-01T04:02:26.812+03:00  INFO 3037 --- [http-nio-8080-exec-3] c.o.todo.service.TodoService             : TodoService.update() is completed. Updated todo is TodoRequest(name=java çalış, status=COMPLETED)
2023-07-01T04:05:33.824+03:00  INFO 3037 --- [http-nio-8080-exec-10] c.o.todo.service.TodoService             : TodoService.findAll() triggered
2023-07-01T04:05:43.271+03:00  INFO 3037 --- [http-nio-8080-exec-8] c.o.todo.service.TodoService             : TodoService.findAll() triggered
2023-07-01T04:05:43.303+03:00  INFO 3037 --- [http-nio-8080-exec-9] c.o.todo.service.TodoService             : TodoService.findAll() triggered
2023-07-01T04:06:29.081+03:00  INFO 3037 --- [http-nio-8080-exec-7] c.o.todo.service.TodoService             : TodoService.findAll() triggered
2023-07-01T04:06:29.109+03:00  INFO 3037 --- [http-nio-8080-exec-1] c.o.todo.service.TodoService             : TodoService.findAll() triggered
2023-07-01T04:18:34.416+03:00  INFO 3037 --- [SpringApplicationShutdownHook] j.LocalContainerEntityManagerFactoryBean : Closing JPA EntityManagerFactory for persistence unit 'default'
2023-07-01T04:18:34.480+03:00  INFO 3037 --- [SpringApplicationShutdownHook] com.zaxxer.hikari.HikariDataSource       : HikariPool-1 - Shutdown initiated...
2023-07-01T04:18:34.506+03:00  INFO 3037 --- [SpringApplicationShutdownHook] com.zaxxer.hikari.HikariDataSource       : HikariPool-1 - Shutdown completed.
