2023-06-30T00:00:53.993+03:00  INFO 23240 --- [restartedMain] com.oguzhantuncer.todo.TodoApplication   : Starting TodoApplication using Java 17.0.5 with PID 23240 (/Users/oguzhantuncer/git/todo-app/target/classes started by oguzhantuncer in /Users/oguzhantuncer/git/todo-app)
2023-06-30T00:00:53.997+03:00  INFO 23240 --- [restartedMain] com.oguzhantuncer.todo.TodoApplication   : No active profile set, falling back to 1 default profile: "default"
2023-06-30T00:00:54.055+03:00  INFO 23240 --- [restartedMain] .e.DevToolsPropertyDefaultsPostProcessor : Devtools property defaults active! Set 'spring.devtools.add-properties' to 'false' to disable
2023-06-30T00:00:54.055+03:00  INFO 23240 --- [restartedMain] .e.DevToolsPropertyDefaultsPostProcessor : For additional web related logging consider setting the 'logging.level.web' property to 'DEBUG'
2023-06-30T00:00:54.923+03:00  INFO 23240 --- [restartedMain] .s.d.r.c.RepositoryConfigurationDelegate : Bootstrapping Spring Data JPA repositories in DEFAULT mode.
2023-06-30T00:00:54.989+03:00  INFO 23240 --- [restartedMain] .s.d.r.c.RepositoryConfigurationDelegate : Finished Spring Data repository scanning in 55 ms. Found 1 JPA repository interfaces.
2023-06-30T00:00:55.686+03:00  INFO 23240 --- [restartedMain] o.s.b.w.embedded.tomcat.TomcatWebServer  : Tomcat initialized with port(s): 8080 (http)
2023-06-30T00:00:55.701+03:00  INFO 23240 --- [restartedMain] o.apache.catalina.core.StandardService   : Starting service [Tomcat]
2023-06-30T00:00:55.702+03:00  INFO 23240 --- [restartedMain] o.apache.catalina.core.StandardEngine    : Starting Servlet engine: [Apache Tomcat/10.1.10]
2023-06-30T00:00:55.768+03:00  INFO 23240 --- [restartedMain] o.a.c.c.C.[Tomcat].[localhost].[/]       : Initializing Spring embedded WebApplicationContext
2023-06-30T00:00:55.769+03:00  INFO 23240 --- [restartedMain] w.s.c.ServletWebServerApplicationContext : Root WebApplicationContext: initialization completed in 1713 ms
2023-06-30T00:00:55.804+03:00  INFO 23240 --- [restartedMain] com.zaxxer.hikari.HikariDataSource       : HikariPool-1 - Starting...
2023-06-30T00:00:56.309+03:00  INFO 23240 --- [restartedMain] com.zaxxer.hikari.pool.HikariPool        : HikariPool-1 - Added connection com.mysql.cj.jdbc.ConnectionImpl@12dc392b
2023-06-30T00:00:56.311+03:00  INFO 23240 --- [restartedMain] com.zaxxer.hikari.HikariDataSource       : HikariPool-1 - Start completed.
2023-06-30T00:00:56.321+03:00  INFO 23240 --- [restartedMain] o.s.b.a.h2.H2ConsoleAutoConfiguration    : H2 console available at '/h2-console'. Database available at 'jdbc:mysql://localhost:3306/todo'
2023-06-30T00:00:56.487+03:00  INFO 23240 --- [restartedMain] o.hibernate.jpa.internal.util.LogHelper  : HHH000204: Processing PersistenceUnitInfo [name: default]
2023-06-30T00:00:56.577+03:00  INFO 23240 --- [restartedMain] org.hibernate.Version                    : HHH000412: Hibernate ORM core version 6.2.5.Final
2023-06-30T00:00:56.581+03:00  INFO 23240 --- [restartedMain] org.hibernate.cfg.Environment            : HHH000406: Using bytecode reflection optimizer
2023-06-30T00:00:56.815+03:00  INFO 23240 --- [restartedMain] o.h.b.i.BytecodeProviderInitiator        : HHH000021: Bytecode provider name : bytebuddy
2023-06-30T00:00:57.000+03:00  INFO 23240 --- [restartedMain] o.s.o.j.p.SpringPersistenceUnitInfo      : No LoadTimeWeaver setup: ignoring JPA class transformer
2023-06-30T00:00:57.344+03:00  INFO 23240 --- [restartedMain] o.h.b.i.BytecodeProviderInitiator        : HHH000021: Bytecode provider name : bytebuddy
2023-06-30T00:00:58.187+03:00  INFO 23240 --- [restartedMain] o.h.e.t.j.p.i.JtaPlatformInitiator       : HHH000490: Using JtaPlatform implementation: [org.hibernate.engine.transaction.jta.platform.internal.NoJtaPlatform]
2023-06-30T00:00:58.302+03:00  INFO 23240 --- [restartedMain] j.LocalContainerEntityManagerFactoryBean : Initialized JPA EntityManagerFactory for persistence unit 'default'
2023-06-30T00:00:58.887+03:00  WARN 23240 --- [restartedMain] JpaBaseConfiguration$JpaWebConfiguration : spring.jpa.open-in-view is enabled by default. Therefore, database queries may be performed during view rendering. Explicitly configure spring.jpa.open-in-view to disable this warning
2023-06-30T00:00:59.908+03:00  INFO 23240 --- [restartedMain] o.s.b.d.a.OptionalLiveReloadServer       : LiveReload server is running on port 35729
2023-06-30T00:01:00.049+03:00  INFO 23240 --- [restartedMain] o.s.b.w.embedded.tomcat.TomcatWebServer  : Tomcat started on port(s): 8080 (http) with context path ''
2023-06-30T00:01:00.094+03:00  INFO 23240 --- [restartedMain] com.oguzhantuncer.todo.TodoApplication   : Started TodoApplication in 6.669 seconds (process running for 7.551)
2023-06-30T00:01:22.433+03:00  INFO 23240 --- [http-nio-8080-exec-1] o.a.c.c.C.[Tomcat].[localhost].[/]       : Initializing Spring DispatcherServlet 'dispatcherServlet'
2023-06-30T00:01:22.433+03:00  INFO 23240 --- [http-nio-8080-exec-1] o.s.web.servlet.DispatcherServlet        : Initializing Servlet 'dispatcherServlet'
2023-06-30T00:01:22.434+03:00  INFO 23240 --- [http-nio-8080-exec-1] o.s.web.servlet.DispatcherServlet        : Completed initialization in 1 ms
2023-06-30T00:22:32.913+03:00  WARN 23240 --- [HikariPool-1 housekeeper] com.zaxxer.hikari.pool.HikariPool        : HikariPool-1 - Thread starvation or clock leap detected (housekeeper delta=2m36s500ms).
2023-06-30T01:10:36.084+03:00  WARN 23240 --- [HikariPool-1 housekeeper] com.zaxxer.hikari.pool.HikariPool        : HikariPool-1 - Thread starvation or clock leap detected (housekeeper delta=27m29s387ms).
2023-06-30T01:25:56.530+03:00  INFO 23240 --- [SpringApplicationShutdownHook] j.LocalContainerEntityManagerFactoryBean : Closing JPA EntityManagerFactory for persistence unit 'default'
2023-06-30T01:25:56.534+03:00  INFO 23240 --- [SpringApplicationShutdownHook] com.zaxxer.hikari.HikariDataSource       : HikariPool-1 - Shutdown initiated...
2023-06-30T01:25:56.550+03:00  INFO 23240 --- [SpringApplicationShutdownHook] com.zaxxer.hikari.HikariDataSource       : HikariPool-1 - Shutdown completed.
2023-06-30T01:59:28.823+03:00  INFO 24124 --- [restartedMain] com.oguzhantuncer.todo.TodoApplication   : Starting TodoApplication using Java 17.0.5 with PID 24124 (/Users/oguzhantuncer/git/todo-app/target/classes started by oguzhantuncer in /Users/oguzhantuncer/git/todo-app)
2023-06-30T01:59:28.825+03:00  INFO 24124 --- [restartedMain] com.oguzhantuncer.todo.TodoApplication   : No active profile set, falling back to 1 default profile: "default"
2023-06-30T01:59:28.877+03:00  INFO 24124 --- [restartedMain] .e.DevToolsPropertyDefaultsPostProcessor : Devtools property defaults active! Set 'spring.devtools.add-properties' to 'false' to disable
2023-06-30T01:59:28.877+03:00  INFO 24124 --- [restartedMain] .e.DevToolsPropertyDefaultsPostProcessor : For additional web related logging consider setting the 'logging.level.web' property to 'DEBUG'
2023-06-30T01:59:29.752+03:00  INFO 24124 --- [restartedMain] .s.d.r.c.RepositoryConfigurationDelegate : Bootstrapping Spring Data JPA repositories in DEFAULT mode.
2023-06-30T01:59:29.823+03:00  INFO 24124 --- [restartedMain] .s.d.r.c.RepositoryConfigurationDelegate : Finished Spring Data repository scanning in 60 ms. Found 1 JPA repository interfaces.
2023-06-30T01:59:30.490+03:00  INFO 24124 --- [restartedMain] o.s.b.w.embedded.tomcat.TomcatWebServer  : Tomcat initialized with port(s): 8080 (http)
2023-06-30T01:59:30.503+03:00  INFO 24124 --- [restartedMain] o.apache.catalina.core.StandardService   : Starting service [Tomcat]
2023-06-30T01:59:30.503+03:00  INFO 24124 --- [restartedMain] o.apache.catalina.core.StandardEngine    : Starting Servlet engine: [Apache Tomcat/10.1.10]
2023-06-30T01:59:30.574+03:00  INFO 24124 --- [restartedMain] o.a.c.c.C.[Tomcat].[localhost].[/]       : Initializing Spring embedded WebApplicationContext
2023-06-30T01:59:30.574+03:00  INFO 24124 --- [restartedMain] w.s.c.ServletWebServerApplicationContext : Root WebApplicationContext: initialization completed in 1696 ms
2023-06-30T01:59:30.618+03:00  INFO 24124 --- [restartedMain] com.zaxxer.hikari.HikariDataSource       : HikariPool-1 - Starting...
2023-06-30T01:59:30.945+03:00  INFO 24124 --- [restartedMain] com.zaxxer.hikari.pool.HikariPool        : HikariPool-1 - Added connection com.mysql.cj.jdbc.ConnectionImpl@4184cc85
2023-06-30T01:59:30.947+03:00  INFO 24124 --- [restartedMain] com.zaxxer.hikari.HikariDataSource       : HikariPool-1 - Start completed.
2023-06-30T01:59:30.957+03:00  INFO 24124 --- [restartedMain] o.s.b.a.h2.H2ConsoleAutoConfiguration    : H2 console available at '/h2-console'. Database available at 'jdbc:mysql://localhost:3306/todo'
2023-06-30T01:59:31.121+03:00  INFO 24124 --- [restartedMain] o.hibernate.jpa.internal.util.LogHelper  : HHH000204: Processing PersistenceUnitInfo [name: default]
2023-06-30T01:59:31.210+03:00  INFO 24124 --- [restartedMain] org.hibernate.Version                    : HHH000412: Hibernate ORM core version 6.2.5.Final
2023-06-30T01:59:31.215+03:00  INFO 24124 --- [restartedMain] org.hibernate.cfg.Environment            : HHH000406: Using bytecode reflection optimizer
2023-06-30T01:59:31.396+03:00  INFO 24124 --- [restartedMain] o.h.b.i.BytecodeProviderInitiator        : HHH000021: Bytecode provider name : bytebuddy
2023-06-30T01:59:31.580+03:00  INFO 24124 --- [restartedMain] o.s.o.j.p.SpringPersistenceUnitInfo      : No LoadTimeWeaver setup: ignoring JPA class transformer
2023-06-30T01:59:31.911+03:00  INFO 24124 --- [restartedMain] o.h.b.i.BytecodeProviderInitiator        : HHH000021: Bytecode provider name : bytebuddy
2023-06-30T01:59:32.644+03:00  INFO 24124 --- [restartedMain] o.h.e.t.j.p.i.JtaPlatformInitiator       : HHH000490: Using JtaPlatform implementation: [org.hibernate.engine.transaction.jta.platform.internal.NoJtaPlatform]
2023-06-30T01:59:32.715+03:00  INFO 24124 --- [restartedMain] j.LocalContainerEntityManagerFactoryBean : Initialized JPA EntityManagerFactory for persistence unit 'default'
2023-06-30T01:59:33.254+03:00  WARN 24124 --- [restartedMain] JpaBaseConfiguration$JpaWebConfiguration : spring.jpa.open-in-view is enabled by default. Therefore, database queries may be performed during view rendering. Explicitly configure spring.jpa.open-in-view to disable this warning
2023-06-30T01:59:33.990+03:00  INFO 24124 --- [restartedMain] o.s.b.d.a.OptionalLiveReloadServer       : LiveReload server is running on port 35729
2023-06-30T01:59:34.030+03:00  INFO 24124 --- [restartedMain] o.s.b.w.embedded.tomcat.TomcatWebServer  : Tomcat started on port(s): 8080 (http) with context path ''
2023-06-30T01:59:34.042+03:00  INFO 24124 --- [restartedMain] com.oguzhantuncer.todo.TodoApplication   : Started TodoApplication in 5.913 seconds (process running for 6.582)
2023-06-30T01:59:54.305+03:00  INFO 24124 --- [SpringApplicationShutdownHook] j.LocalContainerEntityManagerFactoryBean : Closing JPA EntityManagerFactory for persistence unit 'default'
2023-06-30T01:59:54.309+03:00  INFO 24124 --- [SpringApplicationShutdownHook] com.zaxxer.hikari.HikariDataSource       : HikariPool-1 - Shutdown initiated...
2023-06-30T01:59:54.326+03:00  INFO 24124 --- [SpringApplicationShutdownHook] com.zaxxer.hikari.HikariDataSource       : HikariPool-1 - Shutdown completed.
2023-06-30T02:16:03.426+03:00  INFO 24322 --- [restartedMain] com.oguzhantuncer.todo.TodoApplication   : Starting TodoApplication using Java 17.0.5 with PID 24322 (/Users/oguzhantuncer/git/todo-app/target/classes started by oguzhantuncer in /Users/oguzhantuncer/git/todo-app)
2023-06-30T02:16:03.434+03:00  INFO 24322 --- [restartedMain] com.oguzhantuncer.todo.TodoApplication   : No active profile set, falling back to 1 default profile: "default"
2023-06-30T02:16:03.493+03:00  INFO 24322 --- [restartedMain] .e.DevToolsPropertyDefaultsPostProcessor : Devtools property defaults active! Set 'spring.devtools.add-properties' to 'false' to disable
2023-06-30T02:16:03.494+03:00  INFO 24322 --- [restartedMain] .e.DevToolsPropertyDefaultsPostProcessor : For additional web related logging consider setting the 'logging.level.web' property to 'DEBUG'
2023-06-30T02:16:04.321+03:00  INFO 24322 --- [restartedMain] .s.d.r.c.RepositoryConfigurationDelegate : Bootstrapping Spring Data JPA repositories in DEFAULT mode.
2023-06-30T02:16:04.380+03:00  INFO 24322 --- [restartedMain] .s.d.r.c.RepositoryConfigurationDelegate : Finished Spring Data repository scanning in 49 ms. Found 1 JPA repository interfaces.
2023-06-30T02:16:05.038+03:00  INFO 24322 --- [restartedMain] o.s.b.w.embedded.tomcat.TomcatWebServer  : Tomcat initialized with port(s): 8080 (http)
2023-06-30T02:16:05.054+03:00  INFO 24322 --- [restartedMain] o.apache.catalina.core.StandardService   : Starting service [Tomcat]
2023-06-30T02:16:05.055+03:00  INFO 24322 --- [restartedMain] o.apache.catalina.core.StandardEngine    : Starting Servlet engine: [Apache Tomcat/10.1.10]
2023-06-30T02:16:05.115+03:00  INFO 24322 --- [restartedMain] o.a.c.c.C.[Tomcat].[localhost].[/]       : Initializing Spring embedded WebApplicationContext
2023-06-30T02:16:05.116+03:00  INFO 24322 --- [restartedMain] w.s.c.ServletWebServerApplicationContext : Root WebApplicationContext: initialization completed in 1622 ms
2023-06-30T02:16:05.151+03:00  INFO 24322 --- [restartedMain] com.zaxxer.hikari.HikariDataSource       : HikariPool-1 - Starting...
2023-06-30T02:16:05.501+03:00  INFO 24322 --- [restartedMain] com.zaxxer.hikari.pool.HikariPool        : HikariPool-1 - Added connection com.mysql.cj.jdbc.ConnectionImpl@126e5147
2023-06-30T02:16:05.503+03:00  INFO 24322 --- [restartedMain] com.zaxxer.hikari.HikariDataSource       : HikariPool-1 - Start completed.
2023-06-30T02:16:05.515+03:00  INFO 24322 --- [restartedMain] o.s.b.a.h2.H2ConsoleAutoConfiguration    : H2 console available at '/h2-console'. Database available at 'jdbc:mysql://localhost:3306/todo'
2023-06-30T02:16:05.653+03:00  INFO 24322 --- [restartedMain] o.hibernate.jpa.internal.util.LogHelper  : HHH000204: Processing PersistenceUnitInfo [name: default]
2023-06-30T02:16:05.714+03:00  INFO 24322 --- [restartedMain] org.hibernate.Version                    : HHH000412: Hibernate ORM core version 6.2.5.Final
2023-06-30T02:16:05.717+03:00  INFO 24322 --- [restartedMain] org.hibernate.cfg.Environment            : HHH000406: Using bytecode reflection optimizer
2023-06-30T02:16:05.892+03:00  INFO 24322 --- [restartedMain] o.h.b.i.BytecodeProviderInitiator        : HHH000021: Bytecode provider name : bytebuddy
2023-06-30T02:16:06.095+03:00  INFO 24322 --- [restartedMain] o.s.o.j.p.SpringPersistenceUnitInfo      : No LoadTimeWeaver setup: ignoring JPA class transformer
2023-06-30T02:16:06.416+03:00  INFO 24322 --- [restartedMain] o.h.b.i.BytecodeProviderInitiator        : HHH000021: Bytecode provider name : bytebuddy
2023-06-30T02:16:07.087+03:00  INFO 24322 --- [restartedMain] o.h.e.t.j.p.i.JtaPlatformInitiator       : HHH000490: Using JtaPlatform implementation: [org.hibernate.engine.transaction.jta.platform.internal.NoJtaPlatform]
2023-06-30T02:16:07.155+03:00  INFO 24322 --- [restartedMain] j.LocalContainerEntityManagerFactoryBean : Initialized JPA EntityManagerFactory for persistence unit 'default'
2023-06-30T02:16:07.659+03:00  WARN 24322 --- [restartedMain] JpaBaseConfiguration$JpaWebConfiguration : spring.jpa.open-in-view is enabled by default. Therefore, database queries may be performed during view rendering. Explicitly configure spring.jpa.open-in-view to disable this warning
2023-06-30T02:16:08.388+03:00  INFO 24322 --- [restartedMain] o.s.b.d.a.OptionalLiveReloadServer       : LiveReload server is running on port 35729
2023-06-30T02:16:08.429+03:00  INFO 24322 --- [restartedMain] o.s.b.w.embedded.tomcat.TomcatWebServer  : Tomcat started on port(s): 8080 (http) with context path ''
2023-06-30T02:16:08.440+03:00  INFO 24322 --- [restartedMain] com.oguzhantuncer.todo.TodoApplication   : Started TodoApplication in 5.614 seconds (process running for 6.272)
2023-06-30T02:16:29.136+03:00  INFO 24322 --- [http-nio-8080-exec-1] o.a.c.c.C.[Tomcat].[localhost].[/]       : Initializing Spring DispatcherServlet 'dispatcherServlet'
2023-06-30T02:16:29.137+03:00  INFO 24322 --- [http-nio-8080-exec-1] o.s.web.servlet.DispatcherServlet        : Initializing Servlet 'dispatcherServlet'
2023-06-30T02:16:29.138+03:00  INFO 24322 --- [http-nio-8080-exec-1] o.s.web.servlet.DispatcherServlet        : Completed initialization in 1 ms
2023-06-30T02:16:29.179+03:00  INFO 24322 --- [http-nio-8080-exec-1] c.o.todo.service.TodoService             : TodoService.findAll() triggered
2023-06-30T02:16:54.662+03:00  WARN 24322 --- [http-nio-8080-exec-3] .w.s.m.s.DefaultHandlerExceptionResolver : Resolved [org.springframework.web.HttpRequestMethodNotSupportedException: Request method 'GET' is not supported]
2023-06-30T02:17:16.258+03:00  WARN 24322 --- [http-nio-8080-exec-4] .w.s.m.s.DefaultHandlerExceptionResolver : Resolved [org.springframework.web.HttpRequestMethodNotSupportedException: Request method 'GET' is not supported]
2023-06-30T02:18:51.040+03:00  INFO 24322 --- [http-nio-8080-exec-8] c.o.todo.service.TodoService             : TodoService.findAll() triggered
2023-06-30T02:56:16.814+03:00  INFO 24322 --- [SpringApplicationShutdownHook] j.LocalContainerEntityManagerFactoryBean : Closing JPA EntityManagerFactory for persistence unit 'default'
2023-06-30T02:56:16.818+03:00  INFO 24322 --- [SpringApplicationShutdownHook] com.zaxxer.hikari.HikariDataSource       : HikariPool-1 - Shutdown initiated...
2023-06-30T02:56:16.836+03:00  INFO 24322 --- [SpringApplicationShutdownHook] com.zaxxer.hikari.HikariDataSource       : HikariPool-1 - Shutdown completed.
